<?xml version="1.0" encoding="UTF-8"?>
<robot generator="Robot 6.1.1 (Python 3.12.0 on win32)" generated="20231125 01:50:47.466" rpa="false" schemaversion="4">
<suite id="s1" name="Test" source="f:\!Belajar\Robot\robotframework\tests\test_cases\test.robot">
<test id="s1-t1" name="DemoQA Input Text" line="6">
<kw name="Input Text in Field Name" library="steps">
<kw name="Open Browser" library="SeleniumLibrary">
<arg>${url_demoqa}</arg>
<arg>chrome</arg>
<doc>Opens a new browser instance to the optional ``url``.</doc>
<msg timestamp="20231125 01:50:47.692" level="INFO">Opening browser 'chrome' to base url 'https://demoqa.com/text-box'.</msg>
<status status="PASS" starttime="20231125 01:50:47.692" endtime="20231125 01:50:53.222"/>
</kw>
<kw name="Input Text" library="SeleniumLibrary">
<arg>${text}</arg>
<arg>Daniel</arg>
<doc>Types the given ``text`` into the text field identified by ``locator``.</doc>
<msg timestamp="20231125 01:50:53.223" level="INFO">Typing text 'Daniel' into text field 'id=userName'.</msg>
<status status="PASS" starttime="20231125 01:50:53.223" endtime="20231125 01:50:53.325"/>
</kw>
<kw name="Close Browser" library="SeleniumLibrary">
<doc>Closes the current browser.</doc>
<status status="PASS" starttime="20231125 01:50:53.325" endtime="20231125 01:50:55.472"/>
</kw>
<status status="PASS" starttime="20231125 01:50:47.691" endtime="20231125 01:50:55.472"/>
</kw>
<status status="PASS" starttime="20231125 01:50:47.690" endtime="20231125 01:50:55.473"/>
</test>
<status status="PASS" starttime="20231125 01:50:47.472" endtime="20231125 01:50:55.475"/>
</suite>
<statistics>
<total>
<stat pass="1" fail="0" skip="0">All Tests</stat>
</total>
<tag>
</tag>
<suite>
<stat pass="1" fail="0" skip="0" id="s1" name="Test">Test</stat>
</suite>
</statistics>
<errors>
</errors>
</robot>
